<?xml version="1.0" encoding="UTF-8"?>
<!-- Generated by org.testng.reporters.JUnitReportReporter -->
<testsuite hostname="DESKTOP-CHGB98A" failures="0" tests="3" name="com.nopecommerce.user.User_01_Register_Login" time="0.025" errors="0" timestamp="2022-05-28T16:54:41 ICT" skipped="0">
  <testcase classname="com.nopecommerce.user.User_01_Register_Login" name="TC_03_Register_Invalid_Password" time="0.009"/>
  <system-out/>
  <testcase classname="com.nopecommerce.user.User_01_Register_Login" name="TC_01_Register_Empty_Dat" time="0.009"/>
  <system-out/>
  <testcase classname="com.nopecommerce.user.User_01_Register_Login" name="TC_02_Register_Invalid_Email" time="0.007"/>
  <system-out/>
</testsuite> <!-- com.nopecommerce.user.User_01_Register_Login -->
